International Allegro CL Enterprise Edition
10.1 [64-bit Linux (x86-64)] (Nov 14, 2020 18:29)
Copyright (C) 1985-2017, Franz Inc., Oakland, CA, USA.  All Rights Reserved.

This dynamic runtime copy of Allegro CL was built by:
   [TC21720] SRI International

;; Optimization settings: safety 1, space 1, speed 3, debug 1.
;; For a complete description of all compiler switches given the
;; current optimization settings evaluate (explain-compiler-settings).
;;---
;; Current reader case mode: :case-sensitive-lower
Warning: Ignoring declaration of unrecognized ftype:
         (function (some-pvs-type some-pvs-type) *)
Warning: The type subform of the ftype declaration must be a subtype of
         function:
         (ftype (function (some-pvs-type some-pvs-type) *)
          some-pvs-type-eq)
Warning: Ignoring declaration of unrecognized ftype:
         (function (signature stream) *)
Warning: The type subform of the ftype declaration must be a subtype of
         function: (ftype (function (signature stream) *) dump)
Warning: Ignoring declaration of unrecognized ftype:
         (function (stream * expr * type-expr) *)
Warning: The type subform of the ftype declaration must be a subtype of
         function:
         (ftype (function (stream * expr * type-expr) *) pp-dk-recursor)
Warning: Ignoring declaration of unrecognized ftype:
         (function (stream symbol expr name type-expr) *)
Warning: The type subform of the ftype declaration must be a subtype of
         function:
         (ftype (function (stream symbol expr name type-expr) *)
          pp-nat-recursor)
Warning: Ignoring declaration of unrecognized ftype:
         (function (syntax string) *)
Warning: The type subform of the ftype declaration must be a subtype of
         function: (ftype (function (syntax string) *) to-dk3)
Warning: Ignoring declaration of unrecognized ftype:
         (function (var-decl) *)
Warning: The type subform of the ftype declaration must be a subtype of
         function: (ftype (function (var-decl) *) handle-var-decl)
Warning: Ignoring declaration of unrecognized ftype:
         (function (stream * &optional boolean boolean) *)
Warning: The type subform of the ftype declaration must be a subtype of
         function:
         (ftype (function (stream * &optional boolean boolean) *)
          pp-type)
Warning: Ignoring declaration of unrecognized ftype:
         (function (binding stream &optional boolean) *)
Warning: The type subform of the ftype declaration must be a subtype of
         function:
         (ftype (function (binding stream &optional boolean) *)
          pprint-binding)
Warning: Ignoring declaration of unrecognized ftype:
         (function (* list list stream &key (wrap boolean)) *)
Warning: The type subform of the ftype declaration must be a subtype of
         function:
         (ftype (function (* list list stream &key (wrap boolean)) *)
          pprint-formals)
Warning: Ignoring declaration of unrecognized ftype:
         (function (symbol stream string) *)
Warning: The type subform of the ftype declaration must be a subtype of
         function:
         (ftype (function (symbol stream string) *) pprint-reqopen)
Warning: Ignoring declaration of unrecognized ftype:
         (function (list stream) *)
Warning: The type subform of the ftype declaration must be a subtype of
         function: (ftype (function (list stream) *) pprint-telescope)
Warning: Ignoring declaration of unrecognized ftype:
         (function (symbol (or type-expr null) stream &key (mod-id *)
                    (actuals list) (wrap boolean))
                   *)
Warning: The type subform of the ftype declaration must be a subtype of
         function:
         (ftype
          (function (symbol (or type-expr null) stream &key (mod-id *)
                     (actuals list) (wrap boolean))
                    *)
          pprint-name)
Warning: Ignoring declaration of unrecognized ftype:
         (function (string string) *)
Warning: The type subform of the ftype declaration must be a subtype of
         function:
         (ftype (function (string string) *) prettyprint-dedukti)

*** 
*** Processing hello.pvs (12:17:49 12/7/2021)
*** Generated by proveit 7.1.0 (Nov 05, 2020)
*** 
Installing rewrite rule sets.singleton_rew (all instances)
hello :  

  |-------
{1}   P IMPLIES Q IMPLIES P AND Q
{"name":"hello","incr":1,"path":"root","dk":"P \u21d2 (\u03bb _v0: Prf P,Q \u21d2 (\u03bb _v1: Prf Q,P \u2227 (\u03bb _v2: Prf P, Q)))","tac":null}
Rerunning step: (flatten)
{"name":"hello","incr":2,"path":"root","dk":"P \u21d2 (\u03bb _v3: Prf P,Q \u21d2 (\u03bb _v4: Prf Q,P \u2227 (\u03bb _v5: Prf P, Q)))","tac":null}
{"name":"hello","incr":3,"path":"0","dk":"(\u00ac P) \u2228 (\u03bb _v6: Prf (\u00ac (\u00ac P)),(\u00ac Q) \u2228 (\u03bb _v7: Prf (\u00ac (\u00ac Q)),P \u2227 (\u03bb _v8: Prf P, Q)))","tac":null}
Applying disjunctive simplification to flatten sequent,
this simplifies to: 
hello :  

{-1}  P
{-2}  Q
  |-------
{1}   P AND Q
{"name":"hello","incr":4,"path":"0","dk":"(\u00ac P) \u2228 (\u03bb _v9: Prf (\u00ac (\u00ac P)),(\u00ac Q) \u2228 (\u03bb _va: Prf (\u00ac (\u00ac Q)),P \u2227 (\u03bb _vb: Prf P, Q)))","tac":null}
Rerunning step: (split)
Splitting conjunctions,
this yields  2 subgoals: 
hello.1 :  

[-1]  P
[-2]  Q
  |-------
{1}   P
{"name":"hello","incr":5,"path":"0.0","dk":"P \u2228 (\u03bb _vc: Prf (\u00ac P),(\u00ac P) \u2228 (\u03bb _vd: Prf (\u00ac (\u00ac P)),\u00ac Q))","tac":["propax"]}
which is trivially true.

This completes the proof of hello.1.

hello.2 :  

[-1]  P
[-2]  Q
  |-------
{1}   Q
{"name":"hello","incr":6,"path":"0.1","dk":"Q \u2228 (\u03bb _ve: Prf (\u00ac Q),(\u00ac P) \u2228 (\u03bb _vf: Prf (\u00ac (\u00ac P)),\u00ac Q))","tac":["propax"]}
which is trivially true.

This completes the proof of hello.2.

Q.E.D.


Run time  = 0.04 secs.
Real time = 0.06 secs.


 Proof summary for theory hello
    hello.................................proved - complete   [shostak](0.04 s)
    Theory totals: 1 formulas, 1 attempted, 1 succeeded (0.04 s)

Grand Totals: 1 proofs, 1 attempted, 1 succeeded (0.04 s)